<?xml version="1.0" encoding="UTF-8"?>
<!-- Generated by org.testng.reporters.JUnitReportReporter -->
<testsuite hostname="LAPTOP-5IU9KSIT" failures="0" tests="1" name="Scripts.TestCase1" time="12.512" errors="0" timestamp="2023-10-11T15:08:08 IST" skipped="0">
  <testcase classname="Scripts.TestCase1" name="tc1" time="12.512"/>
</testsuite> <!-- Scripts.TestCase1 -->
